[0m22:32:58.480628 [debug] [MainThread]: Sending event: {'category': 'dbt', 'action': 'invocation', 'label': 'start', 'context': [<snowplow_tracker.self_describing_json.SelfDescribingJson object at 0x000001AB7D3ADE20>, <snowplow_tracker.self_describing_json.SelfDescribingJson object at 0x000001AB7E335BB0>, <snowplow_tracker.self_describing_json.SelfDescribingJson object at 0x000001AB7E335DF0>]}


============================== 22:32:58.488136 | 5da20cee-1f42-4589-be5e-187dc2e27b72 ==============================
[0m22:32:58.488136 [info ] [MainThread]: Running with dbt=1.9.4
[0m22:32:58.489143 [debug] [MainThread]: running dbt with arguments {'printer_width': '80', 'indirect_selection': 'eager', 'log_cache_events': 'False', 'write_json': 'True', 'partial_parse': 'True', 'cache_selected_only': 'False', 'warn_error': 'None', 'version_check': 'True', 'fail_fast': 'False', 'log_path': 'logs', 'profiles_dir': 'C:\\Users\\sergi\\.dbt', 'debug': 'False', 'use_colors': 'True', 'use_experimental_parser': 'False', 'empty': 'None', 'quiet': 'False', 'no_print': 'None', 'log_format': 'default', 'introspect': 'True', 'invocation_command': 'dbt init', 'warn_error_options': 'WarnErrorOptions(include=[], exclude=[])', 'target_path': 'None', 'static_parser': 'True', 'send_anonymous_usage_stats': 'True'}
[0m22:32:58.546148 [warn ] [MainThread]: [ConfigFolderDirectory]: Unable to parse logging event dictionary. Failed to parse dir field: expected string or bytes-like object.. Dictionary: {'dir': WindowsPath('C:/Users/sergi/.dbt')}
[0m22:32:58.546148 [info ] [MainThread]: Creating dbt configuration folder at 
[0m22:34:38.464878 [debug] [MainThread]: Starter project path: C:\Users\sergi\anaconda3\lib\site-packages\dbt\include\starter_project
[0m22:34:38.536781 [info ] [MainThread]: 
Your new dbt project "dbt_spacex" was created!

For more information on how to configure the profiles.yml file,
please consult the dbt documentation here:

  https://docs.getdbt.com/docs/configure-your-profile

One more thing:

Need help? Don't hesitate to reach out to us via GitHub issues or on Slack:

  https://community.getdbt.com/

Happy modeling!

[0m22:34:38.540981 [info ] [MainThread]: Setting up your profile.
[0m22:41:14.782366 [info ] [MainThread]: Profile dbt_spacex written to C:\Users\sergi\.dbt\profiles.yml using target's profile_template.yml and your supplied values. Run 'dbt debug' to validate the connection.
[0m22:41:14.798908 [debug] [MainThread]: Command `dbt init` succeeded at 22:41:14.797899 after 496.43 seconds
[0m22:41:14.809034 [debug] [MainThread]: Sending event: {'category': 'dbt', 'action': 'invocation', 'label': 'end', 'context': [<snowplow_tracker.self_describing_json.SelfDescribingJson object at 0x000001AB7D3ADE20>, <snowplow_tracker.self_describing_json.SelfDescribingJson object at 0x000001AB7E335E20>, <snowplow_tracker.self_describing_json.SelfDescribingJson object at 0x000001AB026DBE80>]}
[0m22:41:14.817056 [debug] [MainThread]: Flushing usage events
[0m22:41:15.840505 [debug] [MainThread]: An error was encountered while trying to flush usage events
[0m22:51:03.392394 [debug] [MainThread]: Sending event: {'category': 'dbt', 'action': 'invocation', 'label': 'start', 'context': [<snowplow_tracker.self_describing_json.SelfDescribingJson object at 0x000002F206EBDE20>, <snowplow_tracker.self_describing_json.SelfDescribingJson object at 0x000002F207E45C10>, <snowplow_tracker.self_describing_json.SelfDescribingJson object at 0x000002F207E45DF0>]}


============================== 22:51:03.396704 | 560bb95a-c729-4321-8930-51fbae543dfc ==============================
[0m22:51:03.396704 [info ] [MainThread]: Running with dbt=1.9.4
[0m22:51:03.397712 [debug] [MainThread]: running dbt with arguments {'printer_width': '80', 'indirect_selection': 'eager', 'write_json': 'True', 'log_cache_events': 'False', 'partial_parse': 'True', 'cache_selected_only': 'False', 'warn_error': 'None', 'debug': 'False', 'profiles_dir': 'C:\\Users\\sergi\\.dbt', 'log_path': 'logs', 'version_check': 'True', 'fail_fast': 'False', 'use_colors': 'True', 'use_experimental_parser': 'False', 'empty': 'None', 'quiet': 'False', 'no_print': 'None', 'log_format': 'default', 'static_parser': 'True', 'introspect': 'True', 'invocation_command': 'dbt debug', 'target_path': 'None', 'warn_error_options': 'WarnErrorOptions(include=[], exclude=[])', 'send_anonymous_usage_stats': 'True'}
[0m22:51:03.428379 [info ] [MainThread]: dbt version: 1.9.4
[0m22:51:03.429385 [info ] [MainThread]: python version: 3.9.12
[0m22:51:03.430384 [info ] [MainThread]: python path: C:\Users\sergi\anaconda3\python.exe
[0m22:51:03.431384 [info ] [MainThread]: os info: Windows-10-10.0.26100-SP0
[0m22:51:06.033889 [info ] [MainThread]: Using profiles dir at C:\Users\sergi\.dbt
[0m22:51:06.034887 [info ] [MainThread]: Using profiles.yml file at C:\Users\sergi\.dbt\profiles.yml
[0m22:51:06.035887 [info ] [MainThread]: Using dbt_project.yml file at C:\Users\sergi\OneDrive\Documentos\3_Documentos Profissionais\1_Leonardo\DataSoft\spacex_project\dbt_project.yml
[0m22:51:06.037090 [info ] [MainThread]: adapter type: bigquery
[0m22:51:06.039707 [info ] [MainThread]: adapter version: 1.9.1
[0m22:51:06.041703 [info ] [MainThread]: Configuration:
[0m22:51:06.042711 [info ] [MainThread]:   profiles.yml file [[32mOK found and valid[0m]
[0m22:51:06.044715 [info ] [MainThread]:   dbt_project.yml file [[31mERROR not found[0m]
[0m22:51:06.046181 [info ] [MainThread]: Required dependencies:
[0m22:51:06.048746 [debug] [MainThread]: Executing "git --help"
[0m22:51:06.086823 [debug] [MainThread]: STDOUT: "b"usage: git [-v | --version] [-h | --help] [-C <path>] [-c <name>=<value>]\n           [--exec-path[=<path>]] [--html-path] [--man-path] [--info-path]\n           [-p | --paginate | -P | --no-pager] [--no-replace-objects] [--no-lazy-fetch]\n           [--no-optional-locks] [--no-advice] [--bare] [--git-dir=<path>]\n           [--work-tree=<path>] [--namespace=<name>] [--config-env=<name>=<envvar>]\n           <command> [<args>]\n\nThese are common Git commands used in various situations:\n\nstart a working area (see also: git help tutorial)\n   clone      Clone a repository into a new directory\n   init       Create an empty Git repository or reinitialize an existing one\n\nwork on the current change (see also: git help everyday)\n   add        Add file contents to the index\n   mv         Move or rename a file, a directory, or a symlink\n   restore    Restore working tree files\n   rm         Remove files from the working tree and from the index\n\nexamine the history and state (see also: git help revisions)\n   bisect     Use binary search to find the commit that introduced a bug\n   diff       Show changes between commits, commit and working tree, etc\n   grep       Print lines matching a pattern\n   log        Show commit logs\n   show       Show various types of objects\n   status     Show the working tree status\n\ngrow, mark and tweak your common history\n   backfill   Download missing objects in a partial clone\n   branch     List, create, or delete branches\n   commit     Record changes to the repository\n   merge      Join two or more development histories together\n   rebase     Reapply commits on top of another base tip\n   reset      Reset current HEAD to the specified state\n   switch     Switch branches\n   tag        Create, list, delete or verify a tag object signed with GPG\n\ncollaborate (see also: git help workflows)\n   fetch      Download objects and refs from another repository\n   pull       Fetch from and integrate with another repository or a local branch\n   push       Update remote refs along with associated objects\n\n'git help -a' and 'git help -g' list available subcommands and some\nconcept guides. See 'git help <command>' or 'git help <concept>'\nto read about a specific subcommand or concept.\nSee 'git help git' for an overview of the system.\n""
[0m22:51:06.087865 [debug] [MainThread]: STDERR: "b''"
[0m22:51:06.089844 [info ] [MainThread]:  - git [[32mOK found[0m]

[0m22:51:06.093843 [info ] [MainThread]: Connection:
[0m22:51:06.096942 [info ] [MainThread]:   method: oauth
[0m22:51:06.098756 [info ] [MainThread]:   database: datasoft-spacex
[0m22:51:06.100767 [info ] [MainThread]:   execution_project: datasoft-spacex
[0m22:51:06.101766 [info ] [MainThread]:   schema: spacex_raw
[0m22:51:06.102767 [info ] [MainThread]:   location: US
[0m22:51:06.103766 [info ] [MainThread]:   priority: interactive
[0m22:51:06.104763 [info ] [MainThread]:   maximum_bytes_billed: None
[0m22:51:06.107176 [info ] [MainThread]:   impersonate_service_account: None
[0m22:51:06.108186 [info ] [MainThread]:   job_retry_deadline_seconds: None
[0m22:51:06.110188 [info ] [MainThread]:   job_retries: 1
[0m22:51:06.110188 [info ] [MainThread]:   job_creation_timeout_seconds: None
[0m22:51:06.112188 [info ] [MainThread]:   job_execution_timeout_seconds: 300
[0m22:51:06.114211 [info ] [MainThread]:   timeout_seconds: 300
[0m22:51:06.115728 [info ] [MainThread]:   client_id: None
[0m22:51:06.116737 [info ] [MainThread]:   token_uri: None
[0m22:51:06.117998 [info ] [MainThread]:   dataproc_region: None
[0m22:51:06.118558 [info ] [MainThread]:   dataproc_cluster_name: None
[0m22:51:06.119744 [info ] [MainThread]:   gcs_bucket: None
[0m22:51:06.120890 [info ] [MainThread]:   dataproc_batch: None
[0m22:51:06.124879 [info ] [MainThread]: Registered adapter: bigquery=1.9.1
[0m22:51:06.775071 [debug] [MainThread]: Acquiring new bigquery connection 'debug'
[0m22:51:06.776071 [debug] [MainThread]: On debug: select 1 as id
[0m22:51:06.776574 [debug] [MainThread]: Opening a new connection, currently in state init
[0m22:51:18.706237 [debug] [MainThread]: BigQuery adapter: Got an error when attempting to create a bigquery " "client: 'Runtime Error
  Failed to authenticate with supplied credentials
  error:
  Your default credentials were not found. To set up Application Default Credentials, see https://cloud.google.com/docs/authentication/external/set-up-adc for more information.'
[0m22:51:18.711763 [debug] [MainThread]: BigQuery adapter: Unhandled error while running:
select 1 as id
[0m22:51:18.714720 [debug] [MainThread]: BigQuery adapter: Database Error
  Runtime Error
    Failed to authenticate with supplied credentials
    error:
    Your default credentials were not found. To set up Application Default Credentials, see https://cloud.google.com/docs/authentication/external/set-up-adc for more information.
[0m22:51:18.720416 [info ] [MainThread]:   Connection test: [[31mERROR[0m]

[0m22:51:18.724408 [info ] [MainThread]: [31m2 checks failed:[0m
[0m22:51:18.727463 [info ] [MainThread]: Project loading failed for the following reason:
 project path <C:\Users\sergi\OneDrive\Documentos\3_Documentos Profissionais\1_Leonardo\DataSoft\spacex_project\dbt_project.yml> not found

[0m22:51:18.730513 [info ] [MainThread]: dbt was unable to connect to the specified database.
The database returned the following error:

  >'NoneType' object has no attribute 'close'

Check your database credentials and try again. For more information, visit:
https://docs.getdbt.com/docs/configure-your-profile


[0m22:51:18.736083 [debug] [MainThread]: Command `dbt debug` failed at 22:51:18.734535 after 15.46 seconds
[0m22:51:18.738664 [debug] [MainThread]: Sending event: {'category': 'dbt', 'action': 'invocation', 'label': 'end', 'context': [<snowplow_tracker.self_describing_json.SelfDescribingJson object at 0x000002F206EBDE20>, <snowplow_tracker.self_describing_json.SelfDescribingJson object at 0x000002F20C2003A0>, <snowplow_tracker.self_describing_json.SelfDescribingJson object at 0x000002F20C2600D0>]}
[0m22:51:18.741662 [debug] [MainThread]: Flushing usage events
[0m22:51:19.766340 [debug] [MainThread]: An error was encountered while trying to flush usage events
[0m21:47:57.028521 [debug] [MainThread]: Sending event: {'category': 'dbt', 'action': 'invocation', 'label': 'start', 'context': [<snowplow_tracker.self_describing_json.SelfDescribingJson object at 0x0000015E1717DE50>, <snowplow_tracker.self_describing_json.SelfDescribingJson object at 0x0000015E18105BB0>, <snowplow_tracker.self_describing_json.SelfDescribingJson object at 0x0000015E18105DC0>]}


============================== 21:47:57.035177 | 3dcabefc-05dc-4822-88ef-812dfa966565 ==============================
[0m21:47:57.035177 [info ] [MainThread]: Running with dbt=1.9.4
[0m21:47:57.036178 [debug] [MainThread]: running dbt with arguments {'printer_width': '80', 'indirect_selection': 'eager', 'log_cache_events': 'False', 'write_json': 'True', 'partial_parse': 'True', 'cache_selected_only': 'False', 'warn_error': 'None', 'version_check': 'True', 'profiles_dir': 'C:\\Users\\sergi\\.dbt', 'log_path': 'logs', 'fail_fast': 'False', 'debug': 'False', 'use_colors': 'True', 'use_experimental_parser': 'False', 'empty': 'None', 'quiet': 'False', 'no_print': 'None', 'log_format': 'default', 'introspect': 'True', 'static_parser': 'True', 'warn_error_options': 'WarnErrorOptions(include=[], exclude=[])', 'target_path': 'None', 'invocation_command': 'dbt debug', 'send_anonymous_usage_stats': 'True'}
[0m21:47:57.088750 [info ] [MainThread]: dbt version: 1.9.4
[0m21:47:57.091798 [info ] [MainThread]: python version: 3.9.12
[0m21:47:57.094813 [info ] [MainThread]: python path: C:\Users\sergi\anaconda3\python.exe
[0m21:47:57.097337 [info ] [MainThread]: os info: Windows-10-10.0.26100-SP0
[0m21:48:03.695255 [info ] [MainThread]: Using profiles dir at C:\Users\sergi\.dbt
[0m21:48:03.697257 [info ] [MainThread]: Using profiles.yml file at C:\Users\sergi\.dbt\profiles.yml
[0m21:48:03.698258 [info ] [MainThread]: Using dbt_project.yml file at C:\Users\sergi\OneDrive\Documentos\3_Documentos Profissionais\1_Leonardo\DataSoft\spacex_project\dbt_project.yml
[0m21:48:03.699260 [info ] [MainThread]: adapter type: bigquery
[0m21:48:03.703340 [info ] [MainThread]: adapter version: 1.9.1
[0m21:48:03.717429 [info ] [MainThread]: Configuration:
[0m21:48:03.720428 [info ] [MainThread]:   profiles.yml file [[32mOK found and valid[0m]
[0m21:48:03.726392 [info ] [MainThread]:   dbt_project.yml file [[31mERROR not found[0m]
[0m21:48:03.732856 [info ] [MainThread]: Required dependencies:
[0m21:48:03.735381 [debug] [MainThread]: Executing "git --help"
[0m21:48:03.867042 [debug] [MainThread]: STDOUT: "b"usage: git [-v | --version] [-h | --help] [-C <path>] [-c <name>=<value>]\n           [--exec-path[=<path>]] [--html-path] [--man-path] [--info-path]\n           [-p | --paginate | -P | --no-pager] [--no-replace-objects] [--no-lazy-fetch]\n           [--no-optional-locks] [--no-advice] [--bare] [--git-dir=<path>]\n           [--work-tree=<path>] [--namespace=<name>] [--config-env=<name>=<envvar>]\n           <command> [<args>]\n\nThese are common Git commands used in various situations:\n\nstart a working area (see also: git help tutorial)\n   clone      Clone a repository into a new directory\n   init       Create an empty Git repository or reinitialize an existing one\n\nwork on the current change (see also: git help everyday)\n   add        Add file contents to the index\n   mv         Move or rename a file, a directory, or a symlink\n   restore    Restore working tree files\n   rm         Remove files from the working tree and from the index\n\nexamine the history and state (see also: git help revisions)\n   bisect     Use binary search to find the commit that introduced a bug\n   diff       Show changes between commits, commit and working tree, etc\n   grep       Print lines matching a pattern\n   log        Show commit logs\n   show       Show various types of objects\n   status     Show the working tree status\n\ngrow, mark and tweak your common history\n   backfill   Download missing objects in a partial clone\n   branch     List, create, or delete branches\n   commit     Record changes to the repository\n   merge      Join two or more development histories together\n   rebase     Reapply commits on top of another base tip\n   reset      Reset current HEAD to the specified state\n   switch     Switch branches\n   tag        Create, list, delete or verify a tag object signed with GPG\n\ncollaborate (see also: git help workflows)\n   fetch      Download objects and refs from another repository\n   pull       Fetch from and integrate with another repository or a local branch\n   push       Update remote refs along with associated objects\n\n'git help -a' and 'git help -g' list available subcommands and some\nconcept guides. See 'git help <command>' or 'git help <concept>'\nto read about a specific subcommand or concept.\nSee 'git help git' for an overview of the system.\n""
[0m21:48:03.871039 [debug] [MainThread]: STDERR: "b''"
[0m21:48:03.878577 [info ] [MainThread]:  - git [[32mOK found[0m]

[0m21:48:03.884150 [info ] [MainThread]: Connection:
[0m21:48:03.890672 [info ] [MainThread]:   method: service-account
[0m21:48:03.931677 [info ] [MainThread]:   database: datasoft-spacex
[0m21:48:03.937194 [info ] [MainThread]:   execution_project: datasoft-spacex
[0m21:48:03.943744 [info ] [MainThread]:   schema: spacex_raw
[0m21:48:03.947756 [info ] [MainThread]:   location: US
[0m21:48:03.959901 [info ] [MainThread]:   priority: None
[0m21:48:03.964463 [info ] [MainThread]:   maximum_bytes_billed: None
[0m21:48:04.008726 [info ] [MainThread]:   impersonate_service_account: None
[0m21:48:04.017780 [info ] [MainThread]:   job_retry_deadline_seconds: None
[0m21:48:04.020786 [info ] [MainThread]:   job_retries: 1
[0m21:48:04.028339 [info ] [MainThread]:   job_creation_timeout_seconds: None
[0m21:48:04.036415 [info ] [MainThread]:   job_execution_timeout_seconds: 300
[0m21:48:04.052140 [info ] [MainThread]:   timeout_seconds: 300
[0m21:48:04.056625 [info ] [MainThread]:   client_id: None
[0m21:48:04.059631 [info ] [MainThread]:   token_uri: None
[0m21:48:04.065197 [info ] [MainThread]:   dataproc_region: None
[0m21:48:04.070788 [info ] [MainThread]:   dataproc_cluster_name: None
[0m21:48:04.078849 [info ] [MainThread]:   gcs_bucket: None
[0m21:48:04.084478 [info ] [MainThread]:   dataproc_batch: None
[0m21:48:04.098044 [info ] [MainThread]: Registered adapter: bigquery=1.9.1
[0m21:48:05.183030 [debug] [MainThread]: Acquiring new bigquery connection 'debug'
[0m21:48:05.184533 [debug] [MainThread]: On debug: select 1 as id
[0m21:48:05.184533 [debug] [MainThread]: Opening a new connection, currently in state init
[0m21:48:06.674685 [debug] [MainThread]: BigQuery adapter: https://console.cloud.google.com/bigquery?project=datasoft-spacex&j=bq:US:c2777e64-cd20-48dd-b31e-57481dc469b1&page=queryresults
[0m21:48:08.128313 [info ] [MainThread]:   Connection test: [[32mOK connection ok[0m]

[0m21:48:08.129315 [info ] [MainThread]: [31m1 check failed:[0m
[0m21:48:08.130821 [info ] [MainThread]: Project loading failed for the following reason:
 project path <C:\Users\sergi\OneDrive\Documentos\3_Documentos Profissionais\1_Leonardo\DataSoft\spacex_project\dbt_project.yml> not found

[0m21:48:08.134834 [debug] [MainThread]: Command `dbt debug` failed at 21:48:08.134834 after 11.23 seconds
[0m21:48:08.138370 [debug] [MainThread]: Connection 'debug' was properly closed.
[0m21:48:08.142946 [debug] [MainThread]: Sending event: {'category': 'dbt', 'action': 'invocation', 'label': 'end', 'context': [<snowplow_tracker.self_describing_json.SelfDescribingJson object at 0x0000015E1717DE50>, <snowplow_tracker.self_describing_json.SelfDescribingJson object at 0x0000015E180CCFA0>, <snowplow_tracker.self_describing_json.SelfDescribingJson object at 0x0000015E18194730>]}
[0m21:48:08.148955 [debug] [MainThread]: Flushing usage events
[0m21:48:09.112905 [debug] [MainThread]: An error was encountered while trying to flush usage events
